Nov 02, 2017 3:05:33 PM com.nilostep.xlsql.database.xlInstance <init>
INFO: Instance created with engine hsqldb
Nov 02, 2017 3:06:09 PM com.nilostep.xlsql.database.xlInstance <init>
INFO: Instance created with engine hsqldb
Nov 02, 2017 3:06:11 PM com.nilostep.xlsql.jdbc.xlDriver connect
INFO: Connection to HSQL Database Engine established.
Nov 02, 2017 3:06:12 PM com.nilostep.xlsql.jdbc.xlDriver connect
INFO: Connection to HSQL Database Engine established.
Nov 02, 2017 3:06:14 PM com.nilostep.xlsql.jdbc.xlDriver connect
INFO: Connection to HSQL Database Engine established.
Nov 02, 2017 3:06:15 PM com.nilostep.xlsql.jdbc.xlDriver connect
INFO: Connection to HSQL Database Engine established.
Nov 02, 2017 3:06:16 PM com.nilostep.xlsql.jdbc.xlDriver connect
INFO: Connection to HSQL Database Engine established.
Nov 02, 2017 3:06:17 PM com.nilostep.xlsql.jdbc.xlDriver connect
INFO: Connection to HSQL Database Engine established.
Nov 02, 2017 3:06:18 PM com.nilostep.xlsql.jdbc.xlDriver connect
INFO: Connection to HSQL Database Engine established.
Nov 06, 2017 5:00:27 PM com.nilostep.xlsql.database.xlInstance <init>
INFO: Instance created with engine hsqldb
Nov 06, 2017 5:00:29 PM com.nilostep.xlsql.jdbc.xlDriver connect
INFO: Connection to HSQL Database Engine established.
Nov 06, 2017 5:00:30 PM com.nilostep.xlsql.jdbc.xlDriver connect
INFO: Connection to HSQL Database Engine established.
Nov 06, 2017 5:00:31 PM com.nilostep.xlsql.jdbc.xlDriver connect
INFO: Connection to HSQL Database Engine established.
Nov 06, 2017 5:00:32 PM com.nilostep.xlsql.jdbc.xlDriver connect
INFO: Connection to HSQL Database Engine established.
Nov 06, 2017 5:00:33 PM com.nilostep.xlsql.jdbc.xlDriver connect
INFO: Connection to HSQL Database Engine established.
Nov 06, 2017 5:00:34 PM com.nilostep.xlsql.jdbc.xlDriver connect
INFO: Connection to HSQL Database Engine established.
Nov 06, 2017 5:00:35 PM com.nilostep.xlsql.jdbc.xlDriver connect
INFO: Connection to HSQL Database Engine established.
Nov 16, 2017 12:43:54 PM com.nilostep.xlsql.database.xlInstance <init>
INFO: Instance created with engine hsqldb
Nov 16, 2017 12:43:57 PM com.nilostep.xlsql.jdbc.xlDriver connect
INFO: Connection to HSQL Database Engine established.
Nov 16, 2017 12:43:59 PM com.nilostep.xlsql.jdbc.xlDriver connect
INFO: Connection to HSQL Database Engine established.
Nov 16, 2017 12:44:00 PM com.nilostep.xlsql.jdbc.xlDriver connect
INFO: Connection to HSQL Database Engine established.
Nov 16, 2017 12:44:02 PM com.nilostep.xlsql.jdbc.xlDriver connect
INFO: Connection to HSQL Database Engine established.
Nov 16, 2017 12:44:03 PM com.nilostep.xlsql.jdbc.xlDriver connect
INFO: Connection to HSQL Database Engine established.
Nov 16, 2017 12:44:04 PM com.nilostep.xlsql.jdbc.xlDriver connect
INFO: Connection to HSQL Database Engine established.
Nov 16, 2017 12:44:05 PM com.nilostep.xlsql.jdbc.xlDriver connect
INFO: Connection to HSQL Database Engine established.
Nov 16, 2017 12:47:28 PM com.nilostep.xlsql.database.xlInstance <init>
INFO: Instance created with engine hsqldb
Nov 16, 2017 12:47:30 PM com.nilostep.xlsql.jdbc.xlDriver connect
INFO: Connection to HSQL Database Engine established.
Nov 16, 2017 12:47:30 PM com.nilostep.xlsql.jdbc.xlDriver connect
INFO: Connection to HSQL Database Engine established.
Nov 16, 2017 12:47:32 PM com.nilostep.xlsql.jdbc.xlDriver connect
INFO: Connection to HSQL Database Engine established.
Nov 16, 2017 12:47:33 PM com.nilostep.xlsql.jdbc.xlDriver connect
INFO: Connection to HSQL Database Engine established.
Nov 16, 2017 12:47:34 PM com.nilostep.xlsql.jdbc.xlDriver connect
INFO: Connection to HSQL Database Engine established.
Nov 16, 2017 12:47:35 PM com.nilostep.xlsql.jdbc.xlDriver connect
INFO: Connection to HSQL Database Engine established.
Nov 16, 2017 12:49:52 PM com.nilostep.xlsql.database.xlInstance <init>
INFO: Instance created with engine hsqldb
Nov 16, 2017 12:49:53 PM com.nilostep.xlsql.jdbc.xlDriver connect
INFO: Connection to HSQL Database Engine established.
Nov 16, 2017 12:49:54 PM com.nilostep.xlsql.jdbc.xlDriver connect
INFO: Connection to HSQL Database Engine established.
Nov 16, 2017 12:49:55 PM com.nilostep.xlsql.jdbc.xlDriver connect
INFO: Connection to HSQL Database Engine established.
Nov 16, 2017 12:49:56 PM com.nilostep.xlsql.jdbc.xlDriver connect
INFO: Connection to HSQL Database Engine established.
Nov 16, 2017 12:49:57 PM com.nilostep.xlsql.jdbc.xlDriver connect
INFO: Connection to HSQL Database Engine established.
Nov 16, 2017 12:49:58 PM com.nilostep.xlsql.jdbc.xlDriver connect
INFO: Connection to HSQL Database Engine established.
Nov 16, 2017 12:49:58 PM com.nilostep.xlsql.jdbc.xlDriver connect
INFO: Connection to HSQL Database Engine established.
Nov 16, 2017 12:50:12 PM com.nilostep.xlsql.database.xlInstance <init>
INFO: Instance created with engine hsqldb
Nov 16, 2017 12:50:13 PM com.nilostep.xlsql.jdbc.xlDriver connect
INFO: Connection to HSQL Database Engine established.
Nov 16, 2017 12:50:14 PM com.nilostep.xlsql.jdbc.xlDriver connect
INFO: Connection to HSQL Database Engine established.
Nov 16, 2017 12:50:15 PM com.nilostep.xlsql.jdbc.xlDriver connect
INFO: Connection to HSQL Database Engine established.
Nov 16, 2017 12:50:16 PM com.nilostep.xlsql.jdbc.xlDriver connect
INFO: Connection to HSQL Database Engine established.
Nov 16, 2017 12:50:17 PM com.nilostep.xlsql.jdbc.xlDriver connect
INFO: Connection to HSQL Database Engine established.
Nov 16, 2017 12:50:18 PM com.nilostep.xlsql.jdbc.xlDriver connect
INFO: Connection to HSQL Database Engine established.
Nov 16, 2017 12:50:41 PM com.nilostep.xlsql.database.xlInstance <init>
INFO: Instance created with engine hsqldb
Nov 16, 2017 12:50:42 PM com.nilostep.xlsql.jdbc.xlDriver connect
INFO: Connection to HSQL Database Engine established.
Nov 16, 2017 12:50:43 PM com.nilostep.xlsql.jdbc.xlDriver connect
INFO: Connection to HSQL Database Engine established.
Nov 16, 2017 12:50:44 PM com.nilostep.xlsql.jdbc.xlDriver connect
INFO: Connection to HSQL Database Engine established.
Nov 16, 2017 12:50:45 PM com.nilostep.xlsql.jdbc.xlDriver connect
INFO: Connection to HSQL Database Engine established.
Nov 16, 2017 12:50:45 PM com.nilostep.xlsql.jdbc.xlDriver connect
INFO: Connection to HSQL Database Engine established.
Nov 16, 2017 12:50:46 PM com.nilostep.xlsql.jdbc.xlDriver connect
INFO: Connection to HSQL Database Engine established.
Nov 16, 2017 12:51:25 PM com.nilostep.xlsql.database.xlInstance <init>
INFO: Instance created with engine hsqldb
Nov 16, 2017 12:51:27 PM com.nilostep.xlsql.jdbc.xlDriver connect
INFO: Connection to HSQL Database Engine established.
Nov 16, 2017 12:51:27 PM com.nilostep.xlsql.jdbc.xlDriver connect
INFO: Connection to HSQL Database Engine established.
Nov 16, 2017 12:51:29 PM com.nilostep.xlsql.jdbc.xlDriver connect
INFO: Connection to HSQL Database Engine established.
Nov 16, 2017 1:06:08 PM com.nilostep.xlsql.database.xlInstance <init>
INFO: Instance created with engine hsqldb
Nov 16, 2017 1:06:09 PM com.nilostep.xlsql.jdbc.xlDriver connect
INFO: Connection to HSQL Database Engine established.
Nov 16, 2017 1:06:10 PM com.nilostep.xlsql.jdbc.xlDriver connect
INFO: Connection to HSQL Database Engine established.
Nov 16, 2017 1:06:11 PM com.nilostep.xlsql.jdbc.xlDriver connect
INFO: Connection to HSQL Database Engine established.
Nov 16, 2017 1:06:12 PM com.nilostep.xlsql.jdbc.xlDriver connect
INFO: Connection to HSQL Database Engine established.
Nov 16, 2017 1:06:13 PM com.nilostep.xlsql.jdbc.xlDriver connect
INFO: Connection to HSQL Database Engine established.
Nov 16, 2017 1:06:14 PM com.nilostep.xlsql.jdbc.xlDriver connect
INFO: Connection to HSQL Database Engine established.
Nov 16, 2017 1:06:15 PM com.nilostep.xlsql.jdbc.xlDriver connect
INFO: Connection to HSQL Database Engine established.
Nov 16, 2017 1:06:16 PM com.nilostep.xlsql.jdbc.xlDriver connect
INFO: Connection to HSQL Database Engine established.
Nov 16, 2017 1:06:17 PM com.nilostep.xlsql.jdbc.xlDriver connect
INFO: Connection to HSQL Database Engine established.
Nov 16, 2017 1:06:18 PM com.nilostep.xlsql.jdbc.xlDriver connect
INFO: Connection to HSQL Database Engine established.
Nov 16, 2017 1:06:19 PM com.nilostep.xlsql.jdbc.xlDriver connect
INFO: Connection to HSQL Database Engine established.
Nov 16, 2017 1:06:20 PM com.nilostep.xlsql.jdbc.xlDriver connect
INFO: Connection to HSQL Database Engine established.
Nov 16, 2017 1:06:21 PM com.nilostep.xlsql.jdbc.xlDriver connect
INFO: Connection to HSQL Database Engine established.
Nov 16, 2017 1:06:22 PM com.nilostep.xlsql.jdbc.xlDriver connect
INFO: Connection to HSQL Database Engine established.
Nov 16, 2017 1:06:23 PM com.nilostep.xlsql.jdbc.xlDriver connect
INFO: Connection to HSQL Database Engine established.
Nov 16, 2017 1:06:24 PM com.nilostep.xlsql.jdbc.xlDriver connect
INFO: Connection to HSQL Database Engine established.
Nov 16, 2017 1:06:25 PM com.nilostep.xlsql.jdbc.xlDriver connect
INFO: Connection to HSQL Database Engine established.
Nov 16, 2017 1:06:26 PM com.nilostep.xlsql.jdbc.xlDriver connect
INFO: Connection to HSQL Database Engine established.
Nov 16, 2017 1:06:27 PM com.nilostep.xlsql.jdbc.xlDriver connect
INFO: Connection to HSQL Database Engine established.
Nov 16, 2017 1:06:28 PM com.nilostep.xlsql.jdbc.xlDriver connect
INFO: Connection to HSQL Database Engine established.
Nov 16, 2017 1:06:29 PM com.nilostep.xlsql.jdbc.xlDriver connect
INFO: Connection to HSQL Database Engine established.
Nov 16, 2017 1:06:30 PM com.nilostep.xlsql.jdbc.xlDriver connect
INFO: Connection to HSQL Database Engine established.
Nov 16, 2017 1:06:30 PM com.nilostep.xlsql.jdbc.xlDriver connect
INFO: Connection to HSQL Database Engine established.
Nov 16, 2017 1:06:31 PM com.nilostep.xlsql.jdbc.xlDriver connect
INFO: Connection to HSQL Database Engine established.
Nov 16, 2017 1:06:32 PM com.nilostep.xlsql.jdbc.xlDriver connect
INFO: Connection to HSQL Database Engine established.
Nov 16, 2017 1:06:33 PM com.nilostep.xlsql.jdbc.xlDriver connect
INFO: Connection to HSQL Database Engine established.
Nov 16, 2017 1:06:34 PM com.nilostep.xlsql.jdbc.xlDriver connect
INFO: Connection to HSQL Database Engine established.
Nov 16, 2017 1:06:34 PM com.nilostep.xlsql.jdbc.xlDriver connect
INFO: Connection to HSQL Database Engine established.
Nov 16, 2017 1:06:35 PM com.nilostep.xlsql.jdbc.xlDriver connect
INFO: Connection to HSQL Database Engine established.
Nov 16, 2017 1:06:36 PM com.nilostep.xlsql.jdbc.xlDriver connect
INFO: Connection to HSQL Database Engine established.
Nov 16, 2017 1:06:37 PM com.nilostep.xlsql.jdbc.xlDriver connect
INFO: Connection to HSQL Database Engine established.
Nov 16, 2017 1:06:38 PM com.nilostep.xlsql.jdbc.xlDriver connect
INFO: Connection to HSQL Database Engine established.
Nov 16, 2017 1:06:38 PM com.nilostep.xlsql.jdbc.xlDriver connect
INFO: Connection to HSQL Database Engine established.
Nov 16, 2017 1:06:39 PM com.nilostep.xlsql.jdbc.xlDriver connect
INFO: Connection to HSQL Database Engine established.
Nov 16, 2017 1:06:40 PM com.nilostep.xlsql.jdbc.xlDriver connect
INFO: Connection to HSQL Database Engine established.
Nov 16, 2017 1:06:41 PM com.nilostep.xlsql.jdbc.xlDriver connect
INFO: Connection to HSQL Database Engine established.
Nov 16, 2017 1:06:42 PM com.nilostep.xlsql.jdbc.xlDriver connect
INFO: Connection to HSQL Database Engine established.
Nov 16, 2017 1:06:43 PM com.nilostep.xlsql.jdbc.xlDriver connect
INFO: Connection to HSQL Database Engine established.
Nov 16, 2017 1:06:44 PM com.nilostep.xlsql.jdbc.xlDriver connect
INFO: Connection to HSQL Database Engine established.
Nov 16, 2017 1:06:45 PM com.nilostep.xlsql.jdbc.xlDriver connect
INFO: Connection to HSQL Database Engine established.
Nov 16, 2017 1:06:46 PM com.nilostep.xlsql.jdbc.xlDriver connect
INFO: Connection to HSQL Database Engine established.
Nov 16, 2017 1:06:47 PM com.nilostep.xlsql.jdbc.xlDriver connect
INFO: Connection to HSQL Database Engine established.
Nov 16, 2017 1:06:48 PM com.nilostep.xlsql.jdbc.xlDriver connect
INFO: Connection to HSQL Database Engine established.
Nov 16, 2017 1:06:48 PM com.nilostep.xlsql.jdbc.xlDriver connect
INFO: Connection to HSQL Database Engine established.
Nov 16, 2017 1:06:49 PM com.nilostep.xlsql.jdbc.xlDriver connect
INFO: Connection to HSQL Database Engine established.
Nov 16, 2017 1:06:50 PM com.nilostep.xlsql.jdbc.xlDriver connect
INFO: Connection to HSQL Database Engine established.
Nov 16, 2017 1:06:51 PM com.nilostep.xlsql.jdbc.xlDriver connect
INFO: Connection to HSQL Database Engine established.
Nov 16, 2017 1:06:52 PM com.nilostep.xlsql.jdbc.xlDriver connect
INFO: Connection to HSQL Database Engine established.
Nov 16, 2017 1:06:52 PM com.nilostep.xlsql.jdbc.xlDriver connect
INFO: Connection to HSQL Database Engine established.
Nov 16, 2017 1:06:53 PM com.nilostep.xlsql.jdbc.xlDriver connect
INFO: Connection to HSQL Database Engine established.
Nov 16, 2017 1:06:54 PM com.nilostep.xlsql.jdbc.xlDriver connect
INFO: Connection to HSQL Database Engine established.
Nov 16, 2017 1:06:55 PM com.nilostep.xlsql.jdbc.xlDriver connect
INFO: Connection to HSQL Database Engine established.
Nov 16, 2017 1:06:56 PM com.nilostep.xlsql.jdbc.xlDriver connect
INFO: Connection to HSQL Database Engine established.
Nov 16, 2017 1:06:56 PM com.nilostep.xlsql.jdbc.xlDriver connect
INFO: Connection to HSQL Database Engine established.
Nov 16, 2017 1:06:57 PM com.nilostep.xlsql.jdbc.xlDriver connect
INFO: Connection to HSQL Database Engine established.
Nov 16, 2017 1:06:58 PM com.nilostep.xlsql.jdbc.xlDriver connect
INFO: Connection to HSQL Database Engine established.
Nov 16, 2017 1:06:59 PM com.nilostep.xlsql.jdbc.xlDriver connect
INFO: Connection to HSQL Database Engine established.
Nov 16, 2017 1:06:59 PM com.nilostep.xlsql.jdbc.xlDriver connect
INFO: Connection to HSQL Database Engine established.
Nov 16, 2017 1:07:00 PM com.nilostep.xlsql.jdbc.xlDriver connect
INFO: Connection to HSQL Database Engine established.
Nov 16, 2017 1:07:01 PM com.nilostep.xlsql.jdbc.xlDriver connect
INFO: Connection to HSQL Database Engine established.
Nov 16, 2017 1:07:02 PM com.nilostep.xlsql.jdbc.xlDriver connect
INFO: Connection to HSQL Database Engine established.
Nov 16, 2017 1:07:02 PM com.nilostep.xlsql.jdbc.xlDriver connect
INFO: Connection to HSQL Database Engine established.
Nov 16, 2017 1:07:03 PM com.nilostep.xlsql.jdbc.xlDriver connect
INFO: Connection to HSQL Database Engine established.
Nov 16, 2017 1:07:04 PM com.nilostep.xlsql.jdbc.xlDriver connect
INFO: Connection to HSQL Database Engine established.
Nov 16, 2017 1:07:05 PM com.nilostep.xlsql.jdbc.xlDriver connect
INFO: Connection to HSQL Database Engine established.
Nov 16, 2017 1:07:05 PM com.nilostep.xlsql.jdbc.xlDriver connect
INFO: Connection to HSQL Database Engine established.
Nov 16, 2017 1:07:06 PM com.nilostep.xlsql.jdbc.xlDriver connect
INFO: Connection to HSQL Database Engine established.
Nov 16, 2017 1:07:07 PM com.nilostep.xlsql.jdbc.xlDriver connect
INFO: Connection to HSQL Database Engine established.
Nov 16, 2017 1:07:08 PM com.nilostep.xlsql.jdbc.xlDriver connect
INFO: Connection to HSQL Database Engine established.
Nov 16, 2017 1:07:08 PM com.nilostep.xlsql.jdbc.xlDriver connect
INFO: Connection to HSQL Database Engine established.
Nov 16, 2017 1:07:09 PM com.nilostep.xlsql.jdbc.xlDriver connect
INFO: Connection to HSQL Database Engine established.
Nov 16, 2017 1:07:10 PM com.nilostep.xlsql.jdbc.xlDriver connect
INFO: Connection to HSQL Database Engine established.
Nov 16, 2017 1:07:11 PM com.nilostep.xlsql.jdbc.xlDriver connect
INFO: Connection to HSQL Database Engine established.
Nov 16, 2017 1:07:11 PM com.nilostep.xlsql.jdbc.xlDriver connect
INFO: Connection to HSQL Database Engine established.
Nov 16, 2017 1:07:12 PM com.nilostep.xlsql.jdbc.xlDriver connect
INFO: Connection to HSQL Database Engine established.
Nov 16, 2017 1:07:13 PM com.nilostep.xlsql.jdbc.xlDriver connect
INFO: Connection to HSQL Database Engine established.
Nov 16, 2017 1:07:14 PM com.nilostep.xlsql.jdbc.xlDriver connect
INFO: Connection to HSQL Database Engine established.
Nov 16, 2017 1:07:14 PM com.nilostep.xlsql.jdbc.xlDriver connect
INFO: Connection to HSQL Database Engine established.
Nov 16, 2017 1:07:15 PM com.nilostep.xlsql.jdbc.xlDriver connect
INFO: Connection to HSQL Database Engine established.
Nov 16, 2017 1:07:16 PM com.nilostep.xlsql.jdbc.xlDriver connect
INFO: Connection to HSQL Database Engine established.
Nov 16, 2017 1:07:17 PM com.nilostep.xlsql.jdbc.xlDriver connect
INFO: Connection to HSQL Database Engine established.
Nov 16, 2017 1:07:17 PM com.nilostep.xlsql.jdbc.xlDriver connect
INFO: Connection to HSQL Database Engine established.
Nov 16, 2017 1:07:18 PM com.nilostep.xlsql.jdbc.xlDriver connect
INFO: Connection to HSQL Database Engine established.
Nov 16, 2017 1:07:19 PM com.nilostep.xlsql.jdbc.xlDriver connect
INFO: Connection to HSQL Database Engine established.
Nov 16, 2017 1:07:20 PM com.nilostep.xlsql.jdbc.xlDriver connect
INFO: Connection to HSQL Database Engine established.
Nov 16, 2017 1:07:20 PM com.nilostep.xlsql.jdbc.xlDriver connect
INFO: Connection to HSQL Database Engine established.
Nov 16, 2017 1:07:21 PM com.nilostep.xlsql.jdbc.xlDriver connect
INFO: Connection to HSQL Database Engine established.
Nov 16, 2017 1:07:22 PM com.nilostep.xlsql.jdbc.xlDriver connect
INFO: Connection to HSQL Database Engine established.
Nov 16, 2017 1:07:23 PM com.nilostep.xlsql.jdbc.xlDriver connect
INFO: Connection to HSQL Database Engine established.
Nov 16, 2017 1:07:23 PM com.nilostep.xlsql.jdbc.xlDriver connect
INFO: Connection to HSQL Database Engine established.
Nov 16, 2017 1:07:24 PM com.nilostep.xlsql.jdbc.xlDriver connect
INFO: Connection to HSQL Database Engine established.
Nov 16, 2017 1:07:25 PM com.nilostep.xlsql.jdbc.xlDriver connect
INFO: Connection to HSQL Database Engine established.
Nov 16, 2017 1:07:26 PM com.nilostep.xlsql.jdbc.xlDriver connect
INFO: Connection to HSQL Database Engine established.
Nov 16, 2017 1:07:26 PM com.nilostep.xlsql.jdbc.xlDriver connect
INFO: Connection to HSQL Database Engine established.
Nov 16, 2017 1:07:27 PM com.nilostep.xlsql.jdbc.xlDriver connect
INFO: Connection to HSQL Database Engine established.
Nov 16, 2017 1:07:28 PM com.nilostep.xlsql.jdbc.xlDriver connect
INFO: Connection to HSQL Database Engine established.
Nov 16, 2017 1:07:29 PM com.nilostep.xlsql.jdbc.xlDriver connect
INFO: Connection to HSQL Database Engine established.
Nov 16, 2017 1:07:30 PM com.nilostep.xlsql.jdbc.xlDriver connect
INFO: Connection to HSQL Database Engine established.
Nov 16, 2017 1:07:30 PM com.nilostep.xlsql.jdbc.xlDriver connect
INFO: Connection to HSQL Database Engine established.
Nov 16, 2017 1:07:31 PM com.nilostep.xlsql.jdbc.xlDriver connect
INFO: Connection to HSQL Database Engine established.
Nov 16, 2017 1:18:09 PM com.nilostep.xlsql.database.xlInstance <init>
INFO: Instance created with engine hsqldb
Nov 16, 2017 1:18:09 PM com.nilostep.xlsql.database.xlInstance <init>
INFO: Instance created with engine hsqldb
Nov 16, 2017 1:18:09 PM com.nilostep.xlsql.database.xlInstance <init>
INFO: Instance created with engine hsqldb
Nov 16, 2017 1:18:09 PM com.nilostep.xlsql.database.xlInstance <init>
INFO: Instance created with engine hsqldb
Nov 16, 2017 1:18:09 PM com.nilostep.xlsql.database.xlInstance <init>
INFO: Instance created with engine hsqldb
Nov 16, 2017 1:18:09 PM com.nilostep.xlsql.database.xlInstance <init>
INFO: Instance created with engine hsqldb
Nov 16, 2017 1:18:09 PM com.nilostep.xlsql.database.xlInstance <init>
INFO: Instance created with engine hsqldb
Nov 16, 2017 1:18:17 PM com.nilostep.xlsql.jdbc.xlDriver connect
INFO: Connection to HSQL Database Engine established.
Nov 16, 2017 1:18:17 PM com.nilostep.xlsql.jdbc.xlDriver connect
INFO: Connection to HSQL Database Engine established.
Nov 16, 2017 1:18:17 PM com.nilostep.xlsql.jdbc.xlDriver connect
INFO: Connection to HSQL Database Engine established.
Nov 16, 2017 1:18:21 PM com.nilostep.xlsql.jdbc.xlDriver connect
INFO: Connection to HSQL Database Engine established.
Nov 16, 2017 1:18:23 PM com.nilostep.xlsql.jdbc.xlDriver connect
INFO: Connection to HSQL Database Engine established.
Nov 16, 2017 1:18:25 PM com.nilostep.xlsql.jdbc.xlDriver connect
INFO: Connection to HSQL Database Engine established.
Nov 16, 2017 1:18:27 PM com.nilostep.xlsql.jdbc.xlDriver connect
INFO: Connection to HSQL Database Engine established.
Nov 16, 2017 1:18:28 PM com.nilostep.xlsql.jdbc.xlDriver connect
INFO: Connection to HSQL Database Engine established.
Nov 16, 2017 1:18:29 PM com.nilostep.xlsql.jdbc.xlDriver connect
INFO: Connection to HSQL Database Engine established.
Nov 16, 2017 1:18:30 PM com.nilostep.xlsql.jdbc.xlDriver connect
INFO: Connection to HSQL Database Engine established.
Nov 16, 2017 1:18:31 PM com.nilostep.xlsql.jdbc.xlDriver connect
INFO: Connection to HSQL Database Engine established.
Nov 16, 2017 1:18:32 PM com.nilostep.xlsql.jdbc.xlDriver connect
INFO: Connection to HSQL Database Engine established.
Nov 16, 2017 1:18:33 PM com.nilostep.xlsql.jdbc.xlDriver connect
INFO: Connection to HSQL Database Engine established.
Nov 16, 2017 1:18:34 PM com.nilostep.xlsql.jdbc.xlDriver connect
INFO: Connection to HSQL Database Engine established.
Nov 16, 2017 1:18:35 PM com.nilostep.xlsql.jdbc.xlDriver connect
INFO: Connection to HSQL Database Engine established.
Nov 16, 2017 1:18:35 PM com.nilostep.xlsql.jdbc.xlDriver connect
INFO: Connection to HSQL Database Engine established.
Nov 16, 2017 1:18:36 PM com.nilostep.xlsql.jdbc.xlDriver connect
INFO: Connection to HSQL Database Engine established.
Nov 16, 2017 1:18:37 PM com.nilostep.xlsql.jdbc.xlDriver connect
INFO: Connection to HSQL Database Engine established.
Nov 16, 2017 1:18:38 PM com.nilostep.xlsql.jdbc.xlDriver connect
INFO: Connection to HSQL Database Engine established.
Nov 16, 2017 1:18:39 PM com.nilostep.xlsql.jdbc.xlDriver connect
INFO: Connection to HSQL Database Engine established.
Nov 16, 2017 1:18:40 PM com.nilostep.xlsql.jdbc.xlDriver connect
INFO: Connection to HSQL Database Engine established.
Nov 16, 2017 1:18:41 PM com.nilostep.xlsql.jdbc.xlDriver connect
INFO: Connection to HSQL Database Engine established.
Nov 16, 2017 1:18:42 PM com.nilostep.xlsql.jdbc.xlDriver connect
INFO: Connection to HSQL Database Engine established.
Nov 16, 2017 1:18:43 PM com.nilostep.xlsql.jdbc.xlDriver connect
INFO: Connection to HSQL Database Engine established.
Nov 16, 2017 1:18:44 PM com.nilostep.xlsql.jdbc.xlDriver connect
INFO: Connection to HSQL Database Engine established.
Nov 16, 2017 1:18:44 PM com.nilostep.xlsql.jdbc.xlDriver connect
INFO: Connection to HSQL Database Engine established.
Nov 16, 2017 1:18:45 PM com.nilostep.xlsql.jdbc.xlDriver connect
INFO: Connection to HSQL Database Engine established.
Nov 16, 2017 1:18:46 PM com.nilostep.xlsql.jdbc.xlDriver connect
INFO: Connection to HSQL Database Engine established.
Nov 16, 2017 1:18:47 PM com.nilostep.xlsql.jdbc.xlDriver connect
INFO: Connection to HSQL Database Engine established.
Nov 16, 2017 1:18:48 PM com.nilostep.xlsql.jdbc.xlDriver connect
INFO: Connection to HSQL Database Engine established.
Nov 16, 2017 1:18:49 PM com.nilostep.xlsql.jdbc.xlDriver connect
INFO: Connection to HSQL Database Engine established.
Nov 16, 2017 1:18:50 PM com.nilostep.xlsql.jdbc.xlDriver connect
INFO: Connection to HSQL Database Engine established.
Nov 16, 2017 1:18:51 PM com.nilostep.xlsql.jdbc.xlDriver connect
INFO: Connection to HSQL Database Engine established.
Nov 16, 2017 1:18:52 PM com.nilostep.xlsql.jdbc.xlDriver connect
INFO: Connection to HSQL Database Engine established.
Nov 16, 2017 1:18:53 PM com.nilostep.xlsql.jdbc.xlDriver connect
INFO: Connection to HSQL Database Engine established.
Nov 16, 2017 1:18:54 PM com.nilostep.xlsql.jdbc.xlDriver connect
INFO: Connection to HSQL Database Engine established.
Nov 16, 2017 1:18:54 PM com.nilostep.xlsql.jdbc.xlDriver connect
INFO: Connection to HSQL Database Engine established.
Nov 16, 2017 1:18:55 PM com.nilostep.xlsql.jdbc.xlDriver connect
INFO: Connection to HSQL Database Engine established.
Nov 16, 2017 1:18:56 PM com.nilostep.xlsql.jdbc.xlDriver connect
INFO: Connection to HSQL Database Engine established.
Nov 16, 2017 1:18:57 PM com.nilostep.xlsql.jdbc.xlDriver connect
INFO: Connection to HSQL Database Engine established.
Nov 16, 2017 1:18:58 PM com.nilostep.xlsql.jdbc.xlDriver connect
INFO: Connection to HSQL Database Engine established.
Nov 16, 2017 1:18:59 PM com.nilostep.xlsql.jdbc.xlDriver connect
INFO: Connection to HSQL Database Engine established.
Nov 16, 2017 1:19:00 PM com.nilostep.xlsql.jdbc.xlDriver connect
INFO: Connection to HSQL Database Engine established.
Nov 16, 2017 1:19:01 PM com.nilostep.xlsql.jdbc.xlDriver connect
INFO: Connection to HSQL Database Engine established.
Nov 16, 2017 1:19:02 PM com.nilostep.xlsql.jdbc.xlDriver connect
INFO: Connection to HSQL Database Engine established.
Nov 16, 2017 1:19:03 PM com.nilostep.xlsql.jdbc.xlDriver connect
INFO: Connection to HSQL Database Engine established.
Nov 16, 2017 1:19:03 PM com.nilostep.xlsql.jdbc.xlDriver connect
INFO: Connection to HSQL Database Engine established.
Nov 16, 2017 1:19:04 PM com.nilostep.xlsql.jdbc.xlDriver connect
INFO: Connection to HSQL Database Engine established.
Nov 16, 2017 1:19:05 PM com.nilostep.xlsql.jdbc.xlDriver connect
INFO: Connection to HSQL Database Engine established.
Nov 16, 2017 1:19:06 PM com.nilostep.xlsql.jdbc.xlDriver connect
INFO: Connection to HSQL Database Engine established.
Nov 16, 2017 1:19:07 PM com.nilostep.xlsql.jdbc.xlDriver connect
INFO: Connection to HSQL Database Engine established.
Nov 16, 2017 1:19:08 PM com.nilostep.xlsql.jdbc.xlDriver connect
INFO: Connection to HSQL Database Engine established.
Nov 16, 2017 1:19:09 PM com.nilostep.xlsql.jdbc.xlDriver connect
INFO: Connection to HSQL Database Engine established.
Nov 16, 2017 1:19:10 PM com.nilostep.xlsql.jdbc.xlDriver connect
INFO: Connection to HSQL Database Engine established.
Nov 16, 2017 1:19:10 PM com.nilostep.xlsql.jdbc.xlDriver connect
INFO: Connection to HSQL Database Engine established.
Nov 16, 2017 1:19:11 PM com.nilostep.xlsql.jdbc.xlDriver connect
INFO: Connection to HSQL Database Engine established.
Nov 16, 2017 1:19:12 PM com.nilostep.xlsql.jdbc.xlDriver connect
INFO: Connection to HSQL Database Engine established.
Nov 16, 2017 1:19:13 PM com.nilostep.xlsql.jdbc.xlDriver connect
INFO: Connection to HSQL Database Engine established.
Nov 16, 2017 1:19:14 PM com.nilostep.xlsql.jdbc.xlDriver connect
INFO: Connection to HSQL Database Engine established.
Nov 16, 2017 1:19:15 PM com.nilostep.xlsql.jdbc.xlDriver connect
INFO: Connection to HSQL Database Engine established.
Nov 16, 2017 1:19:16 PM com.nilostep.xlsql.jdbc.xlDriver connect
INFO: Connection to HSQL Database Engine established.
Nov 16, 2017 1:19:17 PM com.nilostep.xlsql.jdbc.xlDriver connect
INFO: Connection to HSQL Database Engine established.
Nov 16, 2017 1:19:18 PM com.nilostep.xlsql.jdbc.xlDriver connect
INFO: Connection to HSQL Database Engine established.
Nov 16, 2017 1:19:19 PM com.nilostep.xlsql.jdbc.xlDriver connect
INFO: Connection to HSQL Database Engine established.
Nov 16, 2017 1:19:20 PM com.nilostep.xlsql.jdbc.xlDriver connect
INFO: Connection to HSQL Database Engine established.
Nov 16, 2017 1:19:20 PM com.nilostep.xlsql.jdbc.xlDriver connect
INFO: Connection to HSQL Database Engine established.
Nov 16, 2017 1:19:21 PM com.nilostep.xlsql.jdbc.xlDriver connect
INFO: Connection to HSQL Database Engine established.
Nov 16, 2017 1:19:22 PM com.nilostep.xlsql.jdbc.xlDriver connect
INFO: Connection to HSQL Database Engine established.
Nov 16, 2017 1:19:23 PM com.nilostep.xlsql.jdbc.xlDriver connect
INFO: Connection to HSQL Database Engine established.
Nov 16, 2017 1:19:24 PM com.nilostep.xlsql.jdbc.xlDriver connect
INFO: Connection to HSQL Database Engine established.
Nov 16, 2017 1:19:25 PM com.nilostep.xlsql.jdbc.xlDriver connect
INFO: Connection to HSQL Database Engine established.
Nov 16, 2017 1:19:26 PM com.nilostep.xlsql.jdbc.xlDriver connect
INFO: Connection to HSQL Database Engine established.
Nov 16, 2017 1:19:27 PM com.nilostep.xlsql.jdbc.xlDriver connect
INFO: Connection to HSQL Database Engine established.
Nov 16, 2017 1:19:27 PM com.nilostep.xlsql.jdbc.xlDriver connect
INFO: Connection to HSQL Database Engine established.
Nov 16, 2017 1:19:28 PM com.nilostep.xlsql.jdbc.xlDriver connect
INFO: Connection to HSQL Database Engine established.
Nov 16, 2017 1:19:29 PM com.nilostep.xlsql.jdbc.xlDriver connect
INFO: Connection to HSQL Database Engine established.
Nov 16, 2017 1:19:30 PM com.nilostep.xlsql.jdbc.xlDriver connect
INFO: Connection to HSQL Database Engine established.
Nov 16, 2017 1:19:31 PM com.nilostep.xlsql.jdbc.xlDriver connect
INFO: Connection to HSQL Database Engine established.
Nov 16, 2017 1:19:32 PM com.nilostep.xlsql.jdbc.xlDriver connect
INFO: Connection to HSQL Database Engine established.
Nov 16, 2017 1:19:33 PM com.nilostep.xlsql.jdbc.xlDriver connect
INFO: Connection to HSQL Database Engine established.
Nov 16, 2017 1:19:34 PM com.nilostep.xlsql.jdbc.xlDriver connect
INFO: Connection to HSQL Database Engine established.
Nov 16, 2017 1:19:35 PM com.nilostep.xlsql.jdbc.xlDriver connect
INFO: Connection to HSQL Database Engine established.
Nov 16, 2017 1:19:35 PM com.nilostep.xlsql.jdbc.xlDriver connect
INFO: Connection to HSQL Database Engine established.
Nov 16, 2017 1:19:36 PM com.nilostep.xlsql.jdbc.xlDriver connect
INFO: Connection to HSQL Database Engine established.
Nov 16, 2017 1:19:37 PM com.nilostep.xlsql.jdbc.xlDriver connect
INFO: Connection to HSQL Database Engine established.
Nov 16, 2017 1:19:38 PM com.nilostep.xlsql.jdbc.xlDriver connect
INFO: Connection to HSQL Database Engine established.
Nov 16, 2017 1:19:39 PM com.nilostep.xlsql.jdbc.xlDriver connect
INFO: Connection to HSQL Database Engine established.
Nov 16, 2017 1:19:40 PM com.nilostep.xlsql.jdbc.xlDriver connect
INFO: Connection to HSQL Database Engine established.
Nov 16, 2017 1:19:41 PM com.nilostep.xlsql.jdbc.xlDriver connect
INFO: Connection to HSQL Database Engine established.
Nov 16, 2017 1:19:42 PM com.nilostep.xlsql.jdbc.xlDriver connect
INFO: Connection to HSQL Database Engine established.
Nov 16, 2017 1:20:27 PM com.nilostep.xlsql.database.xlInstance <init>
INFO: Instance created with engine hsqldb
Nov 16, 2017 1:20:27 PM com.nilostep.xlsql.database.xlInstance <init>
INFO: Instance created with engine hsqldb
Nov 16, 2017 1:20:27 PM com.nilostep.xlsql.database.xlInstance <init>
INFO: Instance created with engine hsqldb
Nov 16, 2017 1:20:27 PM com.nilostep.xlsql.database.xlInstance <init>
INFO: Instance created with engine hsqldb
Nov 16, 2017 1:20:27 PM com.nilostep.xlsql.database.xlInstance <init>
INFO: Instance created with engine hsqldb
Nov 16, 2017 1:20:33 PM com.nilostep.xlsql.jdbc.xlDriver connect
INFO: Connection to HSQL Database Engine established.
Nov 16, 2017 1:20:33 PM com.nilostep.xlsql.jdbc.xlDriver connect
INFO: Connection to HSQL Database Engine established.
Nov 16, 2017 1:20:34 PM com.nilostep.xlsql.jdbc.xlDriver connect
INFO: Connection to HSQL Database Engine established.
Nov 16, 2017 1:20:35 PM com.nilostep.xlsql.jdbc.xlDriver connect
INFO: Connection to HSQL Database Engine established.
Nov 16, 2017 1:20:36 PM com.nilostep.xlsql.jdbc.xlDriver connect
INFO: Connection to HSQL Database Engine established.
Nov 16, 2017 1:20:37 PM com.nilostep.xlsql.jdbc.xlDriver connect
INFO: Connection to HSQL Database Engine established.
Nov 16, 2017 1:20:38 PM com.nilostep.xlsql.jdbc.xlDriver connect
INFO: Connection to HSQL Database Engine established.
Nov 16, 2017 1:20:39 PM com.nilostep.xlsql.jdbc.xlDriver connect
INFO: Connection to HSQL Database Engine established.
Nov 16, 2017 1:20:41 PM com.nilostep.xlsql.jdbc.xlDriver connect
INFO: Connection to HSQL Database Engine established.
Nov 16, 2017 1:20:42 PM com.nilostep.xlsql.jdbc.xlDriver connect
INFO: Connection to HSQL Database Engine established.
Nov 16, 2017 1:20:43 PM com.nilostep.xlsql.jdbc.xlDriver connect
INFO: Connection to HSQL Database Engine established.
Nov 16, 2017 1:20:44 PM com.nilostep.xlsql.jdbc.xlDriver connect
INFO: Connection to HSQL Database Engine established.
Nov 16, 2017 1:20:45 PM com.nilostep.xlsql.jdbc.xlDriver connect
INFO: Connection to HSQL Database Engine established.
Nov 16, 2017 1:20:46 PM com.nilostep.xlsql.jdbc.xlDriver connect
INFO: Connection to HSQL Database Engine established.
Nov 16, 2017 1:20:47 PM com.nilostep.xlsql.jdbc.xlDriver connect
INFO: Connection to HSQL Database Engine established.
Nov 16, 2017 1:20:48 PM com.nilostep.xlsql.jdbc.xlDriver connect
INFO: Connection to HSQL Database Engine established.
Nov 16, 2017 1:20:49 PM com.nilostep.xlsql.jdbc.xlDriver connect
INFO: Connection to HSQL Database Engine established.
Nov 16, 2017 1:20:50 PM com.nilostep.xlsql.jdbc.xlDriver connect
INFO: Connection to HSQL Database Engine established.
Nov 16, 2017 1:20:51 PM com.nilostep.xlsql.jdbc.xlDriver connect
INFO: Connection to HSQL Database Engine established.
Nov 16, 2017 1:20:52 PM com.nilostep.xlsql.jdbc.xlDriver connect
INFO: Connection to HSQL Database Engine established.
Nov 16, 2017 1:20:53 PM com.nilostep.xlsql.jdbc.xlDriver connect
INFO: Connection to HSQL Database Engine established.
Nov 16, 2017 1:20:54 PM com.nilostep.xlsql.jdbc.xlDriver connect
INFO: Connection to HSQL Database Engine established.
Nov 16, 2017 1:20:55 PM com.nilostep.xlsql.jdbc.xlDriver connect
INFO: Connection to HSQL Database Engine established.
Nov 16, 2017 1:20:56 PM com.nilostep.xlsql.jdbc.xlDriver connect
INFO: Connection to HSQL Database Engine established.
Nov 16, 2017 1:20:57 PM com.nilostep.xlsql.jdbc.xlDriver connect
INFO: Connection to HSQL Database Engine established.
Nov 16, 2017 1:20:58 PM com.nilostep.xlsql.jdbc.xlDriver connect
INFO: Connection to HSQL Database Engine established.
Nov 16, 2017 1:20:58 PM com.nilostep.xlsql.jdbc.xlDriver connect
INFO: Connection to HSQL Database Engine established.
Nov 16, 2017 1:21:00 PM com.nilostep.xlsql.jdbc.xlDriver connect
INFO: Connection to HSQL Database Engine established.
Nov 16, 2017 1:21:00 PM com.nilostep.xlsql.jdbc.xlDriver connect
INFO: Connection to HSQL Database Engine established.
Nov 16, 2017 1:21:01 PM com.nilostep.xlsql.jdbc.xlDriver connect
INFO: Connection to HSQL Database Engine established.
Nov 16, 2017 1:21:02 PM com.nilostep.xlsql.jdbc.xlDriver connect
INFO: Connection to HSQL Database Engine established.
Nov 16, 2017 1:21:03 PM com.nilostep.xlsql.jdbc.xlDriver connect
INFO: Connection to HSQL Database Engine established.
Nov 16, 2017 1:21:04 PM com.nilostep.xlsql.jdbc.xlDriver connect
INFO: Connection to HSQL Database Engine established.
Nov 16, 2017 1:21:05 PM com.nilostep.xlsql.jdbc.xlDriver connect
INFO: Connection to HSQL Database Engine established.
Nov 16, 2017 1:21:06 PM com.nilostep.xlsql.jdbc.xlDriver connect
INFO: Connection to HSQL Database Engine established.
Nov 16, 2017 1:21:07 PM com.nilostep.xlsql.jdbc.xlDriver connect
INFO: Connection to HSQL Database Engine established.
Nov 16, 2017 1:21:08 PM com.nilostep.xlsql.jdbc.xlDriver connect
INFO: Connection to HSQL Database Engine established.
Nov 16, 2017 1:21:09 PM com.nilostep.xlsql.jdbc.xlDriver connect
INFO: Connection to HSQL Database Engine established.
Nov 16, 2017 1:21:10 PM com.nilostep.xlsql.jdbc.xlDriver connect
INFO: Connection to HSQL Database Engine established.
Nov 16, 2017 1:21:11 PM com.nilostep.xlsql.jdbc.xlDriver connect
INFO: Connection to HSQL Database Engine established.
Nov 16, 2017 1:21:11 PM com.nilostep.xlsql.jdbc.xlDriver connect
INFO: Connection to HSQL Database Engine established.
Nov 16, 2017 1:21:12 PM com.nilostep.xlsql.jdbc.xlDriver connect
INFO: Connection to HSQL Database Engine established.
Nov 16, 2017 1:21:13 PM com.nilostep.xlsql.jdbc.xlDriver connect
INFO: Connection to HSQL Database Engine established.
Nov 16, 2017 1:21:14 PM com.nilostep.xlsql.jdbc.xlDriver connect
INFO: Connection to HSQL Database Engine established.
Nov 16, 2017 1:21:15 PM com.nilostep.xlsql.jdbc.xlDriver connect
INFO: Connection to HSQL Database Engine established.
Nov 16, 2017 1:21:16 PM com.nilostep.xlsql.jdbc.xlDriver connect
INFO: Connection to HSQL Database Engine established.
Nov 16, 2017 1:21:17 PM com.nilostep.xlsql.jdbc.xlDriver connect
INFO: Connection to HSQL Database Engine established.
Nov 16, 2017 1:21:18 PM com.nilostep.xlsql.jdbc.xlDriver connect
INFO: Connection to HSQL Database Engine established.
Nov 16, 2017 1:21:19 PM com.nilostep.xlsql.jdbc.xlDriver connect
INFO: Connection to HSQL Database Engine established.
Nov 16, 2017 1:21:20 PM com.nilostep.xlsql.jdbc.xlDriver connect
INFO: Connection to HSQL Database Engine established.
Nov 16, 2017 1:21:20 PM com.nilostep.xlsql.jdbc.xlDriver connect
INFO: Connection to HSQL Database Engine established.
Nov 16, 2017 1:21:21 PM com.nilostep.xlsql.jdbc.xlDriver connect
INFO: Connection to HSQL Database Engine established.
Nov 16, 2017 1:21:22 PM com.nilostep.xlsql.jdbc.xlDriver connect
INFO: Connection to HSQL Database Engine established.
Nov 16, 2017 1:21:23 PM com.nilostep.xlsql.jdbc.xlDriver connect
INFO: Connection to HSQL Database Engine established.
Nov 16, 2017 1:21:24 PM com.nilostep.xlsql.jdbc.xlDriver connect
INFO: Connection to HSQL Database Engine established.
Nov 16, 2017 1:21:25 PM com.nilostep.xlsql.jdbc.xlDriver connect
INFO: Connection to HSQL Database Engine established.
Nov 16, 2017 1:21:26 PM com.nilostep.xlsql.jdbc.xlDriver connect
INFO: Connection to HSQL Database Engine established.
Nov 16, 2017 1:21:27 PM com.nilostep.xlsql.jdbc.xlDriver connect
INFO: Connection to HSQL Database Engine established.
Nov 16, 2017 1:21:28 PM com.nilostep.xlsql.jdbc.xlDriver connect
INFO: Connection to HSQL Database Engine established.
Nov 16, 2017 1:21:29 PM com.nilostep.xlsql.jdbc.xlDriver connect
INFO: Connection to HSQL Database Engine established.
Nov 16, 2017 1:21:29 PM com.nilostep.xlsql.jdbc.xlDriver connect
INFO: Connection to HSQL Database Engine established.
Nov 16, 2017 1:21:30 PM com.nilostep.xlsql.jdbc.xlDriver connect
INFO: Connection to HSQL Database Engine established.
Nov 16, 2017 1:21:31 PM com.nilostep.xlsql.jdbc.xlDriver connect
INFO: Connection to HSQL Database Engine established.
Nov 16, 2017 1:21:32 PM com.nilostep.xlsql.jdbc.xlDriver connect
INFO: Connection to HSQL Database Engine established.
Nov 16, 2017 1:21:33 PM com.nilostep.xlsql.jdbc.xlDriver connect
INFO: Connection to HSQL Database Engine established.
Nov 16, 2017 1:21:34 PM com.nilostep.xlsql.jdbc.xlDriver connect
INFO: Connection to HSQL Database Engine established.
Nov 16, 2017 1:21:35 PM com.nilostep.xlsql.jdbc.xlDriver connect
INFO: Connection to HSQL Database Engine established.
Nov 16, 2017 1:21:36 PM com.nilostep.xlsql.jdbc.xlDriver connect
INFO: Connection to HSQL Database Engine established.
Nov 16, 2017 1:21:37 PM com.nilostep.xlsql.jdbc.xlDriver connect
INFO: Connection to HSQL Database Engine established.
Nov 16, 2017 1:21:37 PM com.nilostep.xlsql.jdbc.xlDriver connect
INFO: Connection to HSQL Database Engine established.
Nov 16, 2017 1:21:38 PM com.nilostep.xlsql.jdbc.xlDriver connect
INFO: Connection to HSQL Database Engine established.
Nov 16, 2017 1:21:39 PM com.nilostep.xlsql.jdbc.xlDriver connect
INFO: Connection to HSQL Database Engine established.
Nov 16, 2017 1:21:40 PM com.nilostep.xlsql.jdbc.xlDriver connect
INFO: Connection to HSQL Database Engine established.
Nov 16, 2017 1:21:41 PM com.nilostep.xlsql.jdbc.xlDriver connect
INFO: Connection to HSQL Database Engine established.
Nov 16, 2017 1:21:42 PM com.nilostep.xlsql.jdbc.xlDriver connect
INFO: Connection to HSQL Database Engine established.
Nov 16, 2017 1:21:43 PM com.nilostep.xlsql.jdbc.xlDriver connect
INFO: Connection to HSQL Database Engine established.
Nov 16, 2017 1:21:44 PM com.nilostep.xlsql.jdbc.xlDriver connect
INFO: Connection to HSQL Database Engine established.
Nov 16, 2017 1:21:45 PM com.nilostep.xlsql.jdbc.xlDriver connect
INFO: Connection to HSQL Database Engine established.
Nov 16, 2017 1:21:46 PM com.nilostep.xlsql.jdbc.xlDriver connect
INFO: Connection to HSQL Database Engine established.
Nov 16, 2017 1:21:46 PM com.nilostep.xlsql.jdbc.xlDriver connect
INFO: Connection to HSQL Database Engine established.
Nov 16, 2017 1:21:47 PM com.nilostep.xlsql.jdbc.xlDriver connect
INFO: Connection to HSQL Database Engine established.
Nov 16, 2017 1:21:48 PM com.nilostep.xlsql.jdbc.xlDriver connect
INFO: Connection to HSQL Database Engine established.
Nov 16, 2017 1:21:49 PM com.nilostep.xlsql.jdbc.xlDriver connect
INFO: Connection to HSQL Database Engine established.
Nov 16, 2017 1:21:50 PM com.nilostep.xlsql.jdbc.xlDriver connect
INFO: Connection to HSQL Database Engine established.
Nov 16, 2017 1:21:51 PM com.nilostep.xlsql.jdbc.xlDriver connect
INFO: Connection to HSQL Database Engine established.
Nov 16, 2017 1:21:52 PM com.nilostep.xlsql.jdbc.xlDriver connect
INFO: Connection to HSQL Database Engine established.
Nov 16, 2017 1:21:53 PM com.nilostep.xlsql.jdbc.xlDriver connect
INFO: Connection to HSQL Database Engine established.
Nov 16, 2017 1:21:54 PM com.nilostep.xlsql.jdbc.xlDriver connect
INFO: Connection to HSQL Database Engine established.
Nov 16, 2017 1:21:54 PM com.nilostep.xlsql.jdbc.xlDriver connect
INFO: Connection to HSQL Database Engine established.
Nov 16, 2017 1:21:55 PM com.nilostep.xlsql.jdbc.xlDriver connect
INFO: Connection to HSQL Database Engine established.
Nov 16, 2017 1:21:56 PM com.nilostep.xlsql.jdbc.xlDriver connect
INFO: Connection to HSQL Database Engine established.
Nov 16, 2017 1:21:57 PM com.nilostep.xlsql.jdbc.xlDriver connect
INFO: Connection to HSQL Database Engine established.
Nov 16, 2017 1:21:58 PM com.nilostep.xlsql.jdbc.xlDriver connect
INFO: Connection to HSQL Database Engine established.
Nov 16, 2017 1:41:40 PM com.nilostep.xlsql.database.xlInstance <init>
INFO: Instance created with engine hsqldb
Nov 16, 2017 1:41:40 PM com.nilostep.xlsql.database.xlInstance <init>
INFO: Instance created with engine hsqldb
Nov 16, 2017 1:41:40 PM com.nilostep.xlsql.database.xlInstance <init>
INFO: Instance created with engine hsqldb
Nov 16, 2017 1:41:40 PM com.nilostep.xlsql.database.xlInstance <init>
INFO: Instance created with engine hsqldb
Nov 16, 2017 1:41:40 PM com.nilostep.xlsql.database.xlInstance <init>
INFO: Instance created with engine hsqldb
Nov 16, 2017 1:41:45 PM com.nilostep.xlsql.jdbc.xlDriver connect
INFO: Connection to HSQL Database Engine established.
Nov 16, 2017 1:41:46 PM com.nilostep.xlsql.jdbc.xlDriver connect
INFO: Connection to HSQL Database Engine established.
Nov 16, 2017 1:41:47 PM com.nilostep.xlsql.jdbc.xlDriver connect
INFO: Connection to HSQL Database Engine established.
Nov 16, 2017 1:41:49 PM com.nilostep.xlsql.jdbc.xlDriver connect
INFO: Connection to HSQL Database Engine established.
Nov 16, 2017 1:41:50 PM com.nilostep.xlsql.jdbc.xlDriver connect
INFO: Connection to HSQL Database Engine established.
Nov 16, 2017 1:57:42 PM com.nilostep.xlsql.database.xlInstance <init>
INFO: Instance created with engine hsqldb
Nov 16, 2017 1:57:42 PM com.nilostep.xlsql.database.xlInstance <init>
INFO: Instance created with engine hsqldb
Nov 16, 2017 1:57:42 PM com.nilostep.xlsql.database.xlInstance <init>
INFO: Instance created with engine hsqldb
Nov 16, 2017 1:57:42 PM com.nilostep.xlsql.database.xlInstance <init>
INFO: Instance created with engine hsqldb
Nov 16, 2017 1:57:42 PM com.nilostep.xlsql.database.xlInstance <init>
INFO: Instance created with engine hsqldb
Nov 16, 2017 1:57:48 PM com.nilostep.xlsql.jdbc.xlDriver connect
INFO: Connection to HSQL Database Engine established.
Nov 16, 2017 1:57:48 PM com.nilostep.xlsql.jdbc.xlDriver connect
INFO: Connection to HSQL Database Engine established.
Nov 16, 2017 1:57:49 PM com.nilostep.xlsql.jdbc.xlDriver connect
INFO: Connection to HSQL Database Engine established.
Nov 16, 2017 1:57:50 PM com.nilostep.xlsql.jdbc.xlDriver connect
INFO: Connection to HSQL Database Engine established.
Nov 16, 2017 1:57:52 PM com.nilostep.xlsql.jdbc.xlDriver connect
INFO: Connection to HSQL Database Engine established.
Nov 16, 2017 1:57:53 PM com.nilostep.xlsql.jdbc.xlDriver connect
INFO: Connection to HSQL Database Engine established.
Nov 16, 2017 1:57:54 PM com.nilostep.xlsql.jdbc.xlDriver connect
INFO: Connection to HSQL Database Engine established.
Nov 16, 2017 1:57:56 PM com.nilostep.xlsql.jdbc.xlDriver connect
INFO: Connection to HSQL Database Engine established.
Nov 16, 2017 1:57:57 PM com.nilostep.xlsql.jdbc.xlDriver connect
INFO: Connection to HSQL Database Engine established.
Nov 16, 2017 1:57:58 PM com.nilostep.xlsql.jdbc.xlDriver connect
INFO: Connection to HSQL Database Engine established.
Nov 16, 2017 1:58:00 PM com.nilostep.xlsql.jdbc.xlDriver connect
INFO: Connection to HSQL Database Engine established.
Nov 16, 2017 1:58:01 PM com.nilostep.xlsql.jdbc.xlDriver connect
INFO: Connection to HSQL Database Engine established.
Nov 16, 2017 1:58:02 PM com.nilostep.xlsql.jdbc.xlDriver connect
INFO: Connection to HSQL Database Engine established.
Nov 16, 2017 1:58:03 PM com.nilostep.xlsql.jdbc.xlDriver connect
INFO: Connection to HSQL Database Engine established.
Nov 16, 2017 1:58:04 PM com.nilostep.xlsql.jdbc.xlDriver connect
INFO: Connection to HSQL Database Engine established.
Nov 16, 2017 1:58:06 PM com.nilostep.xlsql.jdbc.xlDriver connect
INFO: Connection to HSQL Database Engine established.
Nov 16, 2017 1:58:07 PM com.nilostep.xlsql.jdbc.xlDriver connect
INFO: Connection to HSQL Database Engine established.
Nov 16, 2017 1:58:08 PM com.nilostep.xlsql.jdbc.xlDriver connect
INFO: Connection to HSQL Database Engine established.
Nov 16, 2017 1:58:09 PM com.nilostep.xlsql.jdbc.xlDriver connect
INFO: Connection to HSQL Database Engine established.
Nov 16, 2017 1:58:10 PM com.nilostep.xlsql.jdbc.xlDriver connect
INFO: Connection to HSQL Database Engine established.
Nov 16, 2017 1:58:11 PM com.nilostep.xlsql.jdbc.xlDriver connect
INFO: Connection to HSQL Database Engine established.
Nov 16, 2017 1:58:12 PM com.nilostep.xlsql.jdbc.xlDriver connect
INFO: Connection to HSQL Database Engine established.
Nov 16, 2017 1:58:14 PM com.nilostep.xlsql.jdbc.xlDriver connect
INFO: Connection to HSQL Database Engine established.
Nov 16, 2017 1:58:15 PM com.nilostep.xlsql.jdbc.xlDriver connect
INFO: Connection to HSQL Database Engine established.
Nov 16, 2017 1:58:16 PM com.nilostep.xlsql.jdbc.xlDriver connect
INFO: Connection to HSQL Database Engine established.
Nov 16, 2017 1:58:17 PM com.nilostep.xlsql.jdbc.xlDriver connect
INFO: Connection to HSQL Database Engine established.
Nov 16, 2017 1:58:18 PM com.nilostep.xlsql.jdbc.xlDriver connect
INFO: Connection to HSQL Database Engine established.
Nov 16, 2017 1:58:19 PM com.nilostep.xlsql.jdbc.xlDriver connect
INFO: Connection to HSQL Database Engine established.
Nov 16, 2017 1:58:20 PM com.nilostep.xlsql.jdbc.xlDriver connect
INFO: Connection to HSQL Database Engine established.
Nov 16, 2017 1:58:21 PM com.nilostep.xlsql.jdbc.xlDriver connect
INFO: Connection to HSQL Database Engine established.
Nov 16, 2017 1:58:22 PM com.nilostep.xlsql.jdbc.xlDriver connect
INFO: Connection to HSQL Database Engine established.
Nov 16, 2017 1:58:23 PM com.nilostep.xlsql.jdbc.xlDriver connect
INFO: Connection to HSQL Database Engine established.
Nov 16, 2017 1:58:24 PM com.nilostep.xlsql.jdbc.xlDriver connect
INFO: Connection to HSQL Database Engine established.
Nov 16, 2017 1:58:24 PM com.nilostep.xlsql.jdbc.xlDriver connect
INFO: Connection to HSQL Database Engine established.
Nov 16, 2017 1:58:25 PM com.nilostep.xlsql.jdbc.xlDriver connect
INFO: Connection to HSQL Database Engine established.
Nov 16, 2017 1:58:26 PM com.nilostep.xlsql.jdbc.xlDriver connect
INFO: Connection to HSQL Database Engine established.
Nov 16, 2017 1:58:27 PM com.nilostep.xlsql.jdbc.xlDriver connect
INFO: Connection to HSQL Database Engine established.
Nov 16, 2017 1:58:28 PM com.nilostep.xlsql.jdbc.xlDriver connect
INFO: Connection to HSQL Database Engine established.
Nov 16, 2017 1:58:29 PM com.nilostep.xlsql.jdbc.xlDriver connect
INFO: Connection to HSQL Database Engine established.
Nov 16, 2017 1:58:30 PM com.nilostep.xlsql.jdbc.xlDriver connect
INFO: Connection to HSQL Database Engine established.
Nov 16, 2017 1:58:31 PM com.nilostep.xlsql.jdbc.xlDriver connect
INFO: Connection to HSQL Database Engine established.
Nov 16, 2017 1:58:32 PM com.nilostep.xlsql.jdbc.xlDriver connect
INFO: Connection to HSQL Database Engine established.
Nov 16, 2017 1:58:33 PM com.nilostep.xlsql.jdbc.xlDriver connect
INFO: Connection to HSQL Database Engine established.
Nov 16, 2017 1:58:34 PM com.nilostep.xlsql.jdbc.xlDriver connect
INFO: Connection to HSQL Database Engine established.
Nov 16, 2017 1:58:35 PM com.nilostep.xlsql.jdbc.xlDriver connect
INFO: Connection to HSQL Database Engine established.
Nov 16, 2017 1:58:35 PM com.nilostep.xlsql.jdbc.xlDriver connect
INFO: Connection to HSQL Database Engine established.
Nov 16, 2017 1:58:36 PM com.nilostep.xlsql.jdbc.xlDriver connect
INFO: Connection to HSQL Database Engine established.
Nov 16, 2017 1:58:37 PM com.nilostep.xlsql.jdbc.xlDriver connect
INFO: Connection to HSQL Database Engine established.
Nov 16, 2017 1:58:38 PM com.nilostep.xlsql.jdbc.xlDriver connect
INFO: Connection to HSQL Database Engine established.
Nov 16, 2017 1:58:39 PM com.nilostep.xlsql.jdbc.xlDriver connect
INFO: Connection to HSQL Database Engine established.
Nov 16, 2017 1:58:40 PM com.nilostep.xlsql.jdbc.xlDriver connect
INFO: Connection to HSQL Database Engine established.
Nov 16, 2017 1:58:41 PM com.nilostep.xlsql.jdbc.xlDriver connect
INFO: Connection to HSQL Database Engine established.
Nov 16, 2017 1:58:42 PM com.nilostep.xlsql.jdbc.xlDriver connect
INFO: Connection to HSQL Database Engine established.
Nov 16, 2017 1:58:43 PM com.nilostep.xlsql.jdbc.xlDriver connect
INFO: Connection to HSQL Database Engine established.
Nov 16, 2017 1:58:44 PM com.nilostep.xlsql.jdbc.xlDriver connect
INFO: Connection to HSQL Database Engine established.
Nov 16, 2017 1:58:45 PM com.nilostep.xlsql.jdbc.xlDriver connect
INFO: Connection to HSQL Database Engine established.
Nov 16, 2017 1:58:46 PM com.nilostep.xlsql.jdbc.xlDriver connect
INFO: Connection to HSQL Database Engine established.
Nov 16, 2017 1:58:46 PM com.nilostep.xlsql.jdbc.xlDriver connect
INFO: Connection to HSQL Database Engine established.
Nov 16, 2017 1:58:47 PM com.nilostep.xlsql.jdbc.xlDriver connect
INFO: Connection to HSQL Database Engine established.
Nov 16, 2017 1:58:48 PM com.nilostep.xlsql.jdbc.xlDriver connect
INFO: Connection to HSQL Database Engine established.
Nov 16, 2017 1:58:49 PM com.nilostep.xlsql.jdbc.xlDriver connect
INFO: Connection to HSQL Database Engine established.
Nov 16, 2017 1:58:50 PM com.nilostep.xlsql.jdbc.xlDriver connect
INFO: Connection to HSQL Database Engine established.
Nov 16, 2017 1:58:51 PM com.nilostep.xlsql.jdbc.xlDriver connect
INFO: Connection to HSQL Database Engine established.
Nov 16, 2017 1:58:52 PM com.nilostep.xlsql.jdbc.xlDriver connect
INFO: Connection to HSQL Database Engine established.
Nov 16, 2017 1:58:53 PM com.nilostep.xlsql.jdbc.xlDriver connect
INFO: Connection to HSQL Database Engine established.
Nov 16, 2017 1:58:54 PM com.nilostep.xlsql.jdbc.xlDriver connect
INFO: Connection to HSQL Database Engine established.
Nov 16, 2017 1:58:55 PM com.nilostep.xlsql.jdbc.xlDriver connect
INFO: Connection to HSQL Database Engine established.
Nov 16, 2017 1:58:56 PM com.nilostep.xlsql.jdbc.xlDriver connect
INFO: Connection to HSQL Database Engine established.
Nov 16, 2017 1:58:56 PM com.nilostep.xlsql.jdbc.xlDriver connect
INFO: Connection to HSQL Database Engine established.
Nov 16, 2017 1:58:57 PM com.nilostep.xlsql.jdbc.xlDriver connect
INFO: Connection to HSQL Database Engine established.
Nov 16, 2017 1:58:58 PM com.nilostep.xlsql.jdbc.xlDriver connect
INFO: Connection to HSQL Database Engine established.
Nov 16, 2017 1:58:59 PM com.nilostep.xlsql.jdbc.xlDriver connect
INFO: Connection to HSQL Database Engine established.
Nov 16, 2017 1:59:00 PM com.nilostep.xlsql.jdbc.xlDriver connect
INFO: Connection to HSQL Database Engine established.
Nov 16, 2017 1:59:01 PM com.nilostep.xlsql.jdbc.xlDriver connect
INFO: Connection to HSQL Database Engine established.
Nov 16, 2017 1:59:02 PM com.nilostep.xlsql.jdbc.xlDriver connect
INFO: Connection to HSQL Database Engine established.
Nov 16, 2017 1:59:03 PM com.nilostep.xlsql.jdbc.xlDriver connect
INFO: Connection to HSQL Database Engine established.
Nov 16, 2017 1:59:04 PM com.nilostep.xlsql.jdbc.xlDriver connect
INFO: Connection to HSQL Database Engine established.
Nov 16, 2017 1:59:05 PM com.nilostep.xlsql.jdbc.xlDriver connect
INFO: Connection to HSQL Database Engine established.
Nov 16, 2017 1:59:05 PM com.nilostep.xlsql.jdbc.xlDriver connect
INFO: Connection to HSQL Database Engine established.
Nov 16, 2017 1:59:06 PM com.nilostep.xlsql.jdbc.xlDriver connect
INFO: Connection to HSQL Database Engine established.
Nov 16, 2017 1:59:07 PM com.nilostep.xlsql.jdbc.xlDriver connect
INFO: Connection to HSQL Database Engine established.
Nov 16, 2017 1:59:08 PM com.nilostep.xlsql.jdbc.xlDriver connect
INFO: Connection to HSQL Database Engine established.
Nov 16, 2017 1:59:09 PM com.nilostep.xlsql.jdbc.xlDriver connect
INFO: Connection to HSQL Database Engine established.
Nov 16, 2017 1:59:10 PM com.nilostep.xlsql.jdbc.xlDriver connect
INFO: Connection to HSQL Database Engine established.
Nov 16, 2017 1:59:11 PM com.nilostep.xlsql.jdbc.xlDriver connect
INFO: Connection to HSQL Database Engine established.
Nov 16, 2017 1:59:12 PM com.nilostep.xlsql.jdbc.xlDriver connect
INFO: Connection to HSQL Database Engine established.
Nov 16, 2017 1:59:13 PM com.nilostep.xlsql.jdbc.xlDriver connect
INFO: Connection to HSQL Database Engine established.
Nov 16, 2017 1:59:13 PM com.nilostep.xlsql.jdbc.xlDriver connect
INFO: Connection to HSQL Database Engine established.
Nov 16, 2017 1:59:14 PM com.nilostep.xlsql.jdbc.xlDriver connect
INFO: Connection to HSQL Database Engine established.
Nov 16, 2017 1:59:15 PM com.nilostep.xlsql.jdbc.xlDriver connect
INFO: Connection to HSQL Database Engine established.
Nov 16, 2017 1:59:16 PM com.nilostep.xlsql.jdbc.xlDriver connect
INFO: Connection to HSQL Database Engine established.
Nov 16, 2017 1:59:17 PM com.nilostep.xlsql.jdbc.xlDriver connect
INFO: Connection to HSQL Database Engine established.
Nov 16, 2017 1:59:18 PM com.nilostep.xlsql.jdbc.xlDriver connect
INFO: Connection to HSQL Database Engine established.
Nov 16, 2017 1:59:19 PM com.nilostep.xlsql.jdbc.xlDriver connect
INFO: Connection to HSQL Database Engine established.
Nov 16, 2017 1:59:20 PM com.nilostep.xlsql.jdbc.xlDriver connect
INFO: Connection to HSQL Database Engine established.
Nov 16, 2017 2:20:09 PM com.nilostep.xlsql.database.xlInstance <init>
INFO: Instance created with engine hsqldb
Nov 16, 2017 2:20:09 PM com.nilostep.xlsql.database.xlInstance <init>
INFO: Instance created with engine hsqldb
Nov 16, 2017 2:20:09 PM com.nilostep.xlsql.database.xlInstance <init>
INFO: Instance created with engine hsqldb
Nov 16, 2017 2:20:09 PM com.nilostep.xlsql.database.xlInstance <init>
INFO: Instance created with engine hsqldb
Nov 16, 2017 2:20:09 PM com.nilostep.xlsql.database.xlInstance <init>
INFO: Instance created with engine hsqldb
Nov 16, 2017 2:20:09 PM com.nilostep.xlsql.database.xlInstance <init>
INFO: Instance created with engine hsqldb
Nov 16, 2017 2:20:16 PM com.nilostep.xlsql.jdbc.xlDriver connect
INFO: Connection to HSQL Database Engine established.
Nov 16, 2017 2:20:19 PM com.nilostep.xlsql.jdbc.xlDriver connect
INFO: Connection to HSQL Database Engine established.
Nov 16, 2017 2:20:19 PM com.nilostep.xlsql.jdbc.xlDriver connect
INFO: Connection to HSQL Database Engine established.
Nov 16, 2017 2:22:32 PM com.nilostep.xlsql.database.xlInstance <init>
INFO: Instance created with engine hsqldb
Nov 16, 2017 2:22:32 PM com.nilostep.xlsql.database.xlInstance <init>
INFO: Instance created with engine hsqldb
Nov 16, 2017 2:22:32 PM com.nilostep.xlsql.database.xlInstance <init>
INFO: Instance created with engine hsqldb
Nov 16, 2017 2:22:32 PM com.nilostep.xlsql.database.xlInstance <init>
INFO: Instance created with engine hsqldb
Nov 16, 2017 2:22:32 PM com.nilostep.xlsql.database.xlInstance <init>
INFO: Instance created with engine hsqldb
Nov 16, 2017 2:22:32 PM com.nilostep.xlsql.database.xlInstance <init>
INFO: Instance created with engine hsqldb
Nov 16, 2017 2:22:50 PM com.nilostep.xlsql.database.xlInstance <init>
INFO: Instance created with engine hsqldb
Nov 16, 2017 2:22:50 PM com.nilostep.xlsql.database.xlInstance <init>
INFO: Instance created with engine hsqldb
Nov 16, 2017 2:22:50 PM com.nilostep.xlsql.database.xlInstance <init>
INFO: Instance created with engine hsqldb
Nov 16, 2017 2:22:50 PM com.nilostep.xlsql.database.xlInstance <init>
INFO: Instance created with engine hsqldb
Nov 16, 2017 2:26:49 PM com.nilostep.xlsql.database.xlInstance <init>
INFO: Instance created with engine hsqldb
Nov 16, 2017 2:26:49 PM com.nilostep.xlsql.database.xlInstance <init>
INFO: Instance created with engine hsqldb
Nov 16, 2017 2:26:49 PM com.nilostep.xlsql.database.xlInstance <init>
INFO: Instance created with engine hsqldb
Nov 16, 2017 2:26:49 PM com.nilostep.xlsql.database.xlInstance <init>
INFO: Instance created with engine hsqldb
Nov 16, 2017 2:26:49 PM com.nilostep.xlsql.database.xlInstance <init>
INFO: Instance created with engine hsqldb
Nov 16, 2017 2:26:49 PM com.nilostep.xlsql.database.xlInstance <init>
INFO: Instance created with engine hsqldb
Nov 16, 2017 2:26:49 PM com.nilostep.xlsql.database.xlInstance <init>
INFO: Instance created with engine hsqldb
Dec 01, 2017 5:15:04 AM com.nilostep.xlsql.database.xlInstance <init>
INFO: Instance created with engine hsqldb
Dec 01, 2017 5:20:27 AM com.nilostep.xlsql.database.xlInstance <init>
INFO: Instance created with engine hsqldb
Dec 01, 2017 5:20:29 AM com.nilostep.xlsql.jdbc.xlDriver connect
INFO: Connection to HSQL Database Engine established.
Dec 01, 2017 5:20:42 AM com.nilostep.xlsql.jdbc.xlDriver connect
INFO: Connection to HSQL Database Engine established.
Dec 01, 2017 5:20:51 AM com.nilostep.xlsql.jdbc.xlDriver connect
INFO: Connection to HSQL Database Engine established.
Dec 01, 2017 5:20:56 AM com.nilostep.xlsql.jdbc.xlDriver connect
INFO: Connection to HSQL Database Engine established.
Dec 01, 2017 5:21:09 AM com.nilostep.xlsql.jdbc.xlDriver connect
INFO: Connection to HSQL Database Engine established.
Dec 01, 2017 5:22:41 AM com.nilostep.xlsql.database.xlInstance <init>
INFO: Instance created with engine hsqldb
Dec 01, 2017 5:22:42 AM com.nilostep.xlsql.jdbc.xlDriver connect
INFO: Connection to HSQL Database Engine established.
Dec 01, 2017 5:23:00 AM com.nilostep.xlsql.jdbc.xlDriver connect
INFO: Connection to HSQL Database Engine established.
Dec 01, 2017 5:23:51 AM com.nilostep.xlsql.jdbc.xlDriver connect
INFO: Connection to HSQL Database Engine established.
Dec 01, 2017 5:23:58 AM com.nilostep.xlsql.jdbc.xlDriver connect
INFO: Connection to HSQL Database Engine established.
Dec 01, 2017 5:24:40 AM com.nilostep.xlsql.jdbc.xlDriver connect
INFO: Connection to HSQL Database Engine established.
Dec 01, 2017 5:24:50 AM com.nilostep.xlsql.jdbc.xlDriver connect
INFO: Connection to HSQL Database Engine established.
Dec 01, 2017 5:24:57 AM com.nilostep.xlsql.jdbc.xlDriver connect
INFO: Connection to HSQL Database Engine established.
Dec 01, 2017 5:25:21 AM com.nilostep.xlsql.jdbc.xlDriver connect
INFO: Connection to HSQL Database Engine established.
Dec 01, 2017 5:25:27 AM com.nilostep.xlsql.jdbc.xlDriver connect
INFO: Connection to HSQL Database Engine established.
Dec 01, 2017 5:25:46 AM com.nilostep.xlsql.jdbc.xlDriver connect
INFO: Connection to HSQL Database Engine established.
Dec 01, 2017 5:25:54 AM com.nilostep.xlsql.jdbc.xlDriver connect
INFO: Connection to HSQL Database Engine established.
Dec 01, 2017 5:26:00 AM com.nilostep.xlsql.jdbc.xlDriver connect
INFO: Connection to HSQL Database Engine established.
Dec 01, 2017 5:26:35 AM com.nilostep.xlsql.jdbc.xlDriver connect
INFO: Connection to HSQL Database Engine established.
Dec 01, 2017 5:26:43 AM com.nilostep.xlsql.jdbc.xlDriver connect
INFO: Connection to HSQL Database Engine established.
Dec 01, 2017 5:27:03 AM com.nilostep.xlsql.jdbc.xlDriver connect
INFO: Connection to HSQL Database Engine established.
Dec 01, 2017 5:27:13 AM com.nilostep.xlsql.jdbc.xlDriver connect
INFO: Connection to HSQL Database Engine established.
Dec 01, 2017 5:27:37 AM com.nilostep.xlsql.jdbc.xlDriver connect
INFO: Connection to HSQL Database Engine established.
Dec 01, 2017 5:27:48 AM com.nilostep.xlsql.jdbc.xlDriver connect
INFO: Connection to HSQL Database Engine established.
Dec 01, 2017 5:35:23 AM com.nilostep.xlsql.database.xlInstance <init>
INFO: Instance created with engine hsqldb
Dec 01, 2017 5:35:24 AM com.nilostep.xlsql.jdbc.xlDriver connect
INFO: Connection to HSQL Database Engine established.
Dec 01, 2017 5:35:53 AM com.nilostep.xlsql.jdbc.xlDriver connect
INFO: Connection to HSQL Database Engine established.
Dec 01, 2017 5:36:21 AM com.nilostep.xlsql.jdbc.xlDriver connect
INFO: Connection to HSQL Database Engine established.
Dec 01, 2017 5:36:35 AM com.nilostep.xlsql.jdbc.xlDriver connect
INFO: Connection to HSQL Database Engine established.
Dec 01, 2017 5:36:47 AM com.nilostep.xlsql.jdbc.xlDriver connect
INFO: Connection to HSQL Database Engine established.
Dec 01, 2017 1:33:50 PM com.nilostep.xlsql.database.xlInstance <init>
INFO: Instance created with engine hsqldb
Dec 01, 2017 1:33:51 PM com.nilostep.xlsql.jdbc.xlDriver connect
INFO: Connection to HSQL Database Engine established.
Dec 01, 2017 1:35:01 PM com.nilostep.xlsql.database.xlInstance <init>
INFO: Instance created with engine hsqldb
Dec 01, 2017 1:35:02 PM com.nilostep.xlsql.jdbc.xlDriver connect
INFO: Connection to HSQL Database Engine established.
Dec 01, 2017 1:35:32 PM com.nilostep.xlsql.database.xlInstance <init>
INFO: Instance created with engine hsqldb
Dec 01, 2017 1:35:33 PM com.nilostep.xlsql.jdbc.xlDriver connect
INFO: Connection to HSQL Database Engine established.
Dec 01, 2017 1:35:41 PM com.nilostep.xlsql.jdbc.xlDriver connect
INFO: Connection to HSQL Database Engine established.
Dec 01, 2017 1:36:56 PM com.nilostep.xlsql.database.xlInstance <init>
INFO: Instance created with engine hsqldb
Dec 01, 2017 1:36:57 PM com.nilostep.xlsql.jdbc.xlDriver connect
INFO: Connection to HSQL Database Engine established.
Dec 01, 2017 1:37:04 PM com.nilostep.xlsql.jdbc.xlDriver connect
INFO: Connection to HSQL Database Engine established.
Dec 01, 2017 1:37:10 PM com.nilostep.xlsql.jdbc.xlDriver connect
INFO: Connection to HSQL Database Engine established.
Dec 01, 2017 1:52:27 PM com.nilostep.xlsql.database.xlInstance <init>
INFO: Instance created with engine hsqldb
Dec 01, 2017 1:52:28 PM com.nilostep.xlsql.jdbc.xlDriver connect
INFO: Connection to HSQL Database Engine established.
Dec 01, 2017 1:52:43 PM com.nilostep.xlsql.jdbc.xlDriver connect
INFO: Connection to HSQL Database Engine established.
Dec 01, 2017 1:52:47 PM com.nilostep.xlsql.jdbc.xlDriver connect
INFO: Connection to HSQL Database Engine established.
Dec 01, 2017 1:52:56 PM com.nilostep.xlsql.jdbc.xlDriver connect
INFO: Connection to HSQL Database Engine established.
Dec 01, 2017 1:53:04 PM com.nilostep.xlsql.jdbc.xlDriver connect
INFO: Connection to HSQL Database Engine established.
Dec 01, 2017 1:53:07 PM com.nilostep.xlsql.jdbc.xlDriver connect
INFO: Connection to HSQL Database Engine established.
Dec 01, 2017 1:53:17 PM com.nilostep.xlsql.jdbc.xlDriver connect
INFO: Connection to HSQL Database Engine established.
Dec 01, 2017 1:53:52 PM com.nilostep.xlsql.jdbc.xlDriver connect
INFO: Connection to HSQL Database Engine established.
Dec 01, 2017 1:54:02 PM com.nilostep.xlsql.jdbc.xlDriver connect
INFO: Connection to HSQL Database Engine established.
Dec 01, 2017 2:27:14 PM com.nilostep.xlsql.jdbc.xlDriver connect
INFO: Connection to HSQL Database Engine established.
Dec 01, 2017 3:03:19 PM com.nilostep.xlsql.jdbc.xlDriver connect
INFO: Connection to HSQL Database Engine established.
Dec 01, 2017 3:03:44 PM com.nilostep.xlsql.jdbc.xlDriver connect
INFO: Connection to HSQL Database Engine established.
Dec 01, 2017 3:03:51 PM com.nilostep.xlsql.jdbc.xlDriver connect
INFO: Connection to HSQL Database Engine established.
Dec 01, 2017 3:03:56 PM com.nilostep.xlsql.jdbc.xlDriver connect
INFO: Connection to HSQL Database Engine established.
Dec 01, 2017 3:04:06 PM com.nilostep.xlsql.jdbc.xlDriver connect
INFO: Connection to HSQL Database Engine established.
Dec 01, 2017 3:04:09 PM com.nilostep.xlsql.jdbc.xlDriver connect
INFO: Connection to HSQL Database Engine established.
Dec 01, 2017 3:04:23 PM com.nilostep.xlsql.jdbc.xlDriver connect
INFO: Connection to HSQL Database Engine established.
